<?xml version="1.0" encoding="utf-8"?><testsuites name="pytest tests"><testsuite name="pytest" errors="0" failures="0" skipped="0" tests="9" time="107.543" timestamp="2026-04-21T13:25:48.065017+00:00" hostname="agent-env-9e2f4e14-ab20-4478-b5d0-612ca38ed6d8"><testcase classname="backend.tests.test_emss_phase234.TestAxesCatalog" name="test_vibes_axes_shape" time="0.199" /><testcase classname="backend.tests.test_emss_phase234.TestDuetProfiles" name="test_duet_profiles_no_tts_voice" time="0.093" /><testcase classname="backend.tests.test_emss_phase234.TestGenerateEMSS" name="test_generate_full_emss" time="51.803" /><testcase classname="backend.tests.test_emss_phase234.TestGenerateEMSS" name="test_generate_backward_compat" time="33.310" /><testcase classname="backend.tests.test_emss_phase234.TestDuetGenerate" name="test_duet_requires_auth" time="0.062" /><testcase classname="backend.tests.test_emss_phase234.TestDuetGenerate" name="test_duet_same_voice_400" time="0.051" /><testcase classname="backend.tests.test_emss_phase234.TestDuetGenerate" name="test_duet_unknown_voice_400" time="0.056" /><testcase classname="backend.tests.test_emss_phase234.TestDuetGenerate" name="test_duet_generate_success" time="7.526" /><testcase classname="backend.tests.test_emss_phase234.TestDuetGenerate" name="test_duet_rate_limit_6pm" time="14.377" /></testsuite></testsuites>