<?xml version="1.0" encoding="utf-8"?><testsuites name="pytest tests"><testsuite name="pytest" errors="0" failures="1" skipped="0" tests="17" time="17.223" timestamp="2026-04-20T22:07:27.089465+00:00" hostname="agent-env-9e2f4e14-ab20-4478-b5d0-612ca38ed6d8"><testcase classname="backend.tests.backend_test.TestAuth" name="test_register_new_user" time="0.482" /><testcase classname="backend.tests.backend_test.TestAuth" name="test_register_duplicate" time="0.321" /><testcase classname="backend.tests.backend_test.TestAuth" name="test_login_success" time="0.267" /><testcase classname="backend.tests.backend_test.TestAuth" name="test_login_invalid" time="0.275" /><testcase classname="backend.tests.backend_test.TestAuth" name="test_me_with_token" time="0.048" /><testcase classname="backend.tests.backend_test.TestAuth" name="test_me_without_token" time="0.050" /><testcase classname="backend.tests.backend_test.TestTracks" name="test_list_tracks_seeded" time="0.047" /><testcase classname="backend.tests.backend_test.TestTracks" name="test_get_track_by_dna" time="0.044"><failure message="assert None">backend/tests/backend_test.py:85: in test_get_track_by_dna
    assert t["lml"]
E   assert None</failure></testcase><testcase classname="backend.tests.backend_test.TestTracks" name="test_get_track_404" time="0.057" /><testcase classname="backend.tests.backend_test.TestFlip" name="test_flip_creates_child" time="0.197" /><testcase classname="backend.tests.backend_test.TestFlip" name="test_flip_requires_auth" time="0.064" /><testcase classname="backend.tests.backend_test.TestLedger" name="test_ledger_sorted_desc" time="0.042" /><testcase classname="backend.tests.backend_test.TestWallet" name="test_wallet_auth" time="0.049" /><testcase classname="backend.tests.backend_test.TestWallet" name="test_wallet_no_auth" time="0.054" /><testcase classname="backend.tests.backend_test.TestGenerate" name="test_generate_llm" time="14.001" /><testcase classname="backend.tests.backend_test.TestGenerate" name="test_generate_requires_auth" time="0.040" /><testcase classname="backend.tests.backend_test.TestWebSocket" name="test_ws_streams_royalties" time="0.986" /></testsuite></testsuites>