<?xml version="1.0" encoding="utf-8"?><testsuites name="pytest tests"><testsuite name="pytest" errors="0" failures="0" skipped="0" tests="21" time="31.945" timestamp="2026-04-20T23:10:09.543537+00:00" hostname="agent-env-9e2f4e14-ab20-4478-b5d0-612ca38ed6d8"><testcase classname="backend.tests.backend_test.TestAuth" name="test_register_new_user" time="0.445" /><testcase classname="backend.tests.backend_test.TestAuth" name="test_register_duplicate" time="0.324" /><testcase classname="backend.tests.backend_test.TestAuth" name="test_login_success" time="0.275" /><testcase classname="backend.tests.backend_test.TestAuth" name="test_login_invalid" time="0.277" /><testcase classname="backend.tests.backend_test.TestAuth" name="test_me_with_token" time="0.046" /><testcase classname="backend.tests.backend_test.TestAuth" name="test_me_without_token" time="0.048" /><testcase classname="backend.tests.backend_test.TestTracks" name="test_list_tracks_seeded_and_sanitized" time="0.047" /><testcase classname="backend.tests.backend_test.TestTracks" name="test_get_track_sanitized" time="0.057" /><testcase classname="backend.tests.backend_test.TestTracks" name="test_get_track_404" time="0.048" /><testcase classname="backend.tests.backend_test.TestFlip" name="test_flip_creates_child" time="0.193" /><testcase classname="backend.tests.backend_test.TestFlip" name="test_flip_requires_auth" time="0.045" /><testcase classname="backend.tests.backend_test.TestLedger" name="test_ledger_sorted_desc" time="0.048" /><testcase classname="backend.tests.backend_test.TestWallet" name="test_wallet_auth" time="0.048" /><testcase classname="backend.tests.backend_test.TestWallet" name="test_wallet_no_auth" time="0.042" /><testcase classname="backend.tests.backend_test.TestVibes" name="test_vibes" time="0.048" /><testcase classname="backend.tests.backend_test.TestGenerate" name="test_generate_new_schema" time="16.881" /><testcase classname="backend.tests.backend_test.TestGenerate" name="test_generate_requires_auth" time="0.045" /><testcase classname="backend.tests.backend_test.TestGenerate" name="test_generate_missing_lyrics" time="0.045" /><testcase classname="backend.tests.backend_test.TestGenerate" name="test_generate_ignores_old_schema_fields" time="11.868" /><testcase classname="backend.tests.backend_test.TestManifest" name="test_manifest" time="0.197" /><testcase classname="backend.tests.backend_test.TestWebSocket" name="test_ws_streams_royalties" time="0.820" /></testsuite></testsuites>